<?xml version="1.0" encoding="UTF-8"?>
<!-- Generated by org.testng.reporters.JUnitXMLReporter -->
<testsuite ignored="0" hostname="spyder" failures="0" tests="3" name="Test-1" time="43.503" errors="0" timestamp="2024-05-04T09:35:19 IST">
  <testcase classname="com.comcast.crm.contactTest.CreatContactdate_org" name="CreateContactWithOrgTest" time="15.952"/>
  <testcase classname="com.comcast.crm.contactTest.CreatContactdate_org" name="CreateContactWithSupportDate" time="6.955"/>
  <testcase classname="com.comcast.crm.contactTest.CreatContactdate_org" name="creatcontact" time="6.218"/>
</testsuite> <!-- Test-1 -->
