<?xml version="1.0" encoding="UTF-8"?>
<!-- Generated by org.testng.reporters.JUnitXMLReporter -->
<testsuite ignored="0" hostname="spyder" failures="0" tests="3" name="Test-2" time="37.176" errors="0" timestamp="2024-05-04T09:35:12 IST">
  <testcase classname="com.comcast.crm.OrgTest.CreatOrganztionWithPOMTest" name="CreatOrganztionWithIndustryWithPOMTest" time="8.148"/>
  <testcase classname="com.comcast.crm.OrgTest.CreatOrganztionWithPOMTest" name="CreatOrganztionWithPhoneNumberPOMTest" time="7.243"/>
  <testcase classname="com.comcast.crm.OrgTest.CreatOrganztionWithPOMTest" name="creatOrganztionWithPOMTest" time="6.806"/>
</testsuite> <!-- Test-2 -->
