<?xml version="1.0" encoding="UTF-8"?>
<!-- Generated by org.testng.reporters.JUnitReportReporter -->
<testsuite hostname="spyder" failures="0" tests="3" name="sample.GetProductInfoTest" time="19.657" errors="0" timestamp="2024-05-01T10:45:51 IST" skipped="0">
  <testcase classname="sample.GetProductInfoTest" name="GetProductInfoTest" time="6.962"/>
  <testcase classname="sample.GetProductInfoTest" name="GetProductInfoTest" time="5.752"/>
  <testcase classname="sample.GetProductInfoTest" name="GetProductInfoTest" time="6.943"/>
</testsuite> <!-- sample.GetProductInfoTest -->
