<?xml version="1.0" encoding="UTF-8"?>
<!-- Generated by org.testng.reporters.JUnitReportReporter -->
<testsuite hostname="spyder" failures="0" tests="3" name="sample.CreatcontactTestusingDataprovider" time="0.007" errors="0" timestamp="2024-05-01T09:24:18 IST" skipped="0">
  <testcase classname="sample.CreatcontactTestusingDataprovider" name="creatContactTest" time="0.005"/>
  <testcase classname="sample.CreatcontactTestusingDataprovider" name="creatContactTest" time="0.001"/>
  <testcase classname="sample.CreatcontactTestusingDataprovider" name="creatContactTest" time="0.001"/>
</testsuite> <!-- sample.CreatcontactTestusingDataprovider -->
