<?xml version="1.0" encoding="UTF-8"?>
<!-- Generated by org.testng.reporters.JUnitReportReporter -->
<testsuite hostname="spyder" failures="0" tests="3" name="com.comcast.crm.OrgTest.CreatOrganztionWithPOMTest" time="28.418" errors="0" timestamp="2024-05-09T18:22:35 IST" skipped="0">
  <testcase classname="com.comcast.crm.OrgTest.CreatOrganztionWithPOMTest" name="CreatOrganztionWithIndustryWithPOMTest" time="10.009"/>
  <testcase classname="com.comcast.crm.OrgTest.CreatOrganztionWithPOMTest" name="creatOrganztionWithPOMTest" time="8.963"/>
  <testcase classname="com.comcast.crm.OrgTest.CreatOrganztionWithPOMTest" name="CreatOrganztionWithPhoneNumberPOMTest" time="9.446"/>
</testsuite> <!-- com.comcast.crm.OrgTest.CreatOrganztionWithPOMTest -->
