<?xml version="1.0" encoding="UTF-8"?>
<!-- Generated by org.testng.reporters.JUnitReportReporter -->
<testsuite hostname="spyder" failures="0" tests="3" name="com.comcast.crm.contactTest.CreatContactdate_org" time="99.656" errors="0" timestamp="2024-05-06T14:34:22 IST" skipped="0">
  <testcase classname="com.comcast.crm.contactTest.CreatContactdate_org" name="CreateContactWithOrgTest" time="42.724"/>
  <testcase classname="com.comcast.crm.contactTest.CreatContactdate_org" name="creatcontact" time="27.430"/>
  <testcase classname="com.comcast.crm.contactTest.CreatContactdate_org" name="CreateContactWithSupportDate" time="29.502"/>
</testsuite> <!-- com.comcast.crm.contactTest.CreatContactdate_org -->
