<?xml version="1.0" encoding="UTF-8"?>
<!-- Generated by org.testng.reporters.JUnitReportReporter -->
<testsuite hostname="spyder" failures="0" tests="5" name="sample.GetProductInfoTest2" time="34.256" errors="0" timestamp="2024-05-01T11:03:39 IST" skipped="0">
  <testcase classname="sample.GetProductInfoTest2" name="GetProductInfoTest" time="7.712"/>
  <testcase classname="sample.GetProductInfoTest2" name="GetProductInfoTest" time="6.681"/>
  <testcase classname="sample.GetProductInfoTest2" name="GetProductInfoTest" time="6.239"/>
  <testcase classname="sample.GetProductInfoTest2" name="GetProductInfoTest" time="7.995"/>
  <testcase classname="sample.GetProductInfoTest2" name="GetProductInfoTest" time="5.629"/>
</testsuite> <!-- sample.GetProductInfoTest2 -->
