<?xml version="1.0" encoding="UTF-8"?>
<!-- Generated by org.testng.reporters.JUnitReportReporter -->
<testsuite hostname="spyder" failures="0" tests="2" name="sample.creactcontactwithconfigration" time="0.008" errors="0" timestamp="2024-05-01T15:57:33 IST" skipped="0">
  <testcase classname="sample.creactcontactwithconfigration" name="creatcontact" time="0.004"/>
  <testcase classname="sample.creactcontactwithconfigration" name="creatcontactWithSupportDate" time="0.004"/>
</testsuite> <!-- sample.creactcontactwithconfigration -->
